2023-12-27 20:12:984 INFO  ManageBrowser :31 - launching chrome browser
2023-12-27 23:12:941 INFO  ManageBrowser :31 - launching chrome browser
2023-12-28 12:12:431 INFO  ManageBrowser :31 - launching chrome browser
2023-12-28 12:12:825 INFO  ManageBrowser :31 - launching chrome browser
2023-12-28 13:12:505 INFO  ManageBrowser :31 - launching chrome browser
2023-12-28 13:12:607 INFO  ManageBrowser :31 - launching chrome browser
2023-12-28 14:12:86 INFO  ManageBrowser :31 - launching chrome browser
2023-12-28 14:12:776 INFO  ManageBrowser :31 - launching chrome browser
2023-12-28 14:12:503 INFO  ManageBrowser :31 - launching chrome browser
2023-12-28 14:12:691 INFO  ManageBrowser :31 - launching chrome browser
2023-12-28 14:12:619 INFO  ManageBrowser :31 - launching chrome browser
2023-12-28 15:12:494 INFO  ManageBrowser :31 - launching chrome browser
2023-12-28 15:12:490 INFO  ManageBrowser :31 - launching chrome browser
2023-12-28 15:12:639 INFO  ManageBrowser :31 - launching chrome browser
2023-12-28 15:12:973 INFO  ManageBrowser :31 - launching chrome browser
2023-12-28 15:12:400 INFO  ManageBrowser :31 - launching chrome browser
2023-12-28 15:12:401 INFO  ManageBrowser :31 - launching chrome browser
2023-12-28 15:12:425 INFO  ManageBrowser :31 - launching chrome browser
2023-12-28 16:12:974 INFO  ManageBrowser :31 - launching chrome browser
2023-12-28 16:12:483 INFO  ManageBrowser :31 - launching chrome browser
2023-12-28 16:12:673 INFO  ManageBrowser :31 - launching chrome browser
2023-12-28 16:12:454 INFO  ManageBrowser :31 - launching chrome browser
2023-12-29 10:12:737 INFO  ManageBrowser :31 - launching chrome browser
2023-12-29 10:12:544 INFO  ManageBrowser :31 - launching chrome browser
2023-12-29 10:12:146 INFO  ManageBrowser :31 - launching chrome browser
2023-12-29 10:12:948 INFO  ManageBrowser :31 - launching chrome browser
2023-12-29 10:12:454 INFO  ManageBrowser :31 - launching chrome browser
2023-12-29 10:12:134 INFO  ManageBrowser :31 - launching chrome browser
2023-12-29 10:12:515 INFO  ManageBrowser :31 - launching chrome browser
2023-12-29 10:12:393 INFO  ManageBrowser :31 - launching chrome browser
2023-12-29 12:12:707 INFO  ManageBrowser :31 - launching chrome browser
2023-12-29 12:12:456 INFO  ManageBrowser :31 - launching chrome browser
2023-12-29 12:12:275 INFO  ManageBrowser :31 - launching chrome browser
2023-12-29 12:12:639 INFO  ManageBrowser :31 - launching chrome browser
2023-12-29 13:12:654 INFO  ManageBrowser :31 - launching chrome browser
2023-12-29 13:12:26 INFO  ManageBrowser :31 - launching chrome browser
2023-12-29 13:12:616 INFO  ManageBrowser :31 - launching chrome browser
2023-12-29 13:12:299 INFO  ManageBrowser :31 - launching chrome browser
2023-12-29 13:12:318 INFO  ManageBrowser :31 - launching chrome browser
2023-12-31 12:12:585 INFO  ManageBrowser :31 - launching chrome browser
2023-12-31 12:12:905 INFO  ManageBrowser :31 - launching chrome browser
2023-12-31 12:12:968 INFO  ManageBrowser :31 - launching chrome browser
2023-12-31 17:12:987 INFO  ManageBrowser :31 - launching chrome browser
2023-12-31 17:12:756 INFO  ManageBrowser :31 - launching chrome browser
2023-12-31 17:12:653 INFO  ManageBrowser :31 - launching chrome browser
2023-12-31 17:12:509 INFO  ManageBrowser :31 - launching chrome browser
2023-12-31 17:12:423 INFO  ManageBrowser :31 - launching chrome browser
2023-12-31 17:12:566 INFO  ManageBrowser :31 - launching chrome browser
2023-12-31 17:12:05 INFO  ManageBrowser :31 - launching chrome browser
2023-12-31 17:12:331 INFO  ManageBrowser :31 - launching chrome browser
2024-01-01 13:01:182 INFO  ManageBrowser :31 - launching chrome browser
2024-01-01 15:01:994 INFO  ManageBrowser :31 - launching chrome browser
2024-01-01 15:01:569 INFO  ManageBrowser :31 - launching chrome browser
2024-01-01 15:01:445 INFO  ManageBrowser :31 - launching chrome browser
2024-01-01 15:01:00 INFO  ManageBrowser :31 - launching chrome browser
2024-01-01 15:01:482 INFO  ManageBrowser :31 - launching chrome browser
2024-01-01 15:01:836 INFO  ManageBrowser :31 - launching chrome browser
2024-01-01 15:01:821 INFO  ManageBrowser :31 - launching chrome browser
2024-01-01 15:01:838 INFO  ManageBrowser :31 - launching chrome browser
2024-01-01 15:01:212 INFO  ManageBrowser :31 - launching chrome browser
2024-01-01 15:01:360 INFO  ManageBrowser :31 - launching chrome browser
2024-01-01 15:01:297 INFO  ManageBrowser :31 - launching chrome browser
2024-01-01 15:01:369 INFO  ManageBrowser :31 - launching chrome browser
2024-01-01 15:01:420 INFO  ManageBrowser :31 - launching chrome browser
2024-01-01 15:01:177 INFO  ManageBrowser :31 - launching chrome browser
2024-01-01 15:01:182 INFO  ManageBrowser :31 - launching chrome browser
2024-01-01 15:01:983 INFO  ManageBrowser :31 - launching chrome browser
2024-01-01 15:01:403 INFO  ManageBrowser :31 - launching chrome browser
2024-01-01 15:01:717 INFO  ManageBrowser :31 - launching chrome browser
2024-01-01 15:01:738 INFO  ManageBrowser :31 - launching chrome browser
2024-01-01 15:01:33 INFO  ManageBrowser :31 - launching chrome browser
2024-01-01 15:01:997 INFO  ManageBrowser :31 - launching chrome browser
2024-01-01 15:01:533 INFO  ManageBrowser :31 - launching chrome browser
2024-01-01 15:01:636 INFO  ManageBrowser :31 - launching chrome browser
2024-01-01 16:01:638 INFO  ManageBrowser :31 - launching chrome browser
2024-01-01 16:01:814 INFO  ManageBrowser :31 - launching chrome browser
2024-01-01 16:01:959 INFO  ManageBrowser :31 - launching chrome browser
2024-01-01 16:01:483 INFO  ManageBrowser :31 - launching chrome browser
2024-01-01 16:01:689 INFO  ManageBrowser :31 - launching chrome browser
2024-01-01 16:01:285 INFO  ManageBrowser :31 - launching chrome browser
2024-01-01 16:01:47 INFO  ManageBrowser :31 - launching chrome browser
2024-01-01 16:01:264 INFO  ManageBrowser :31 - launching chrome browser
2024-01-01 16:01:725 INFO  ManageBrowser :31 - launching chrome browser
2024-01-01 16:01:463 INFO  ManageBrowser :31 - launching chrome browser
2024-01-01 16:01:394 INFO  ManageBrowser :31 - launching chrome browser
2024-01-01 16:01:652 INFO  ManageBrowser :31 - launching chrome browser
2024-01-01 17:01:512 INFO  ManageBrowser :31 - launching chrome browser
2024-01-01 17:01:710 INFO  ManageBrowser :31 - launching chrome browser
2024-01-01 17:01:910 INFO  ManageBrowser :31 - launching chrome browser
2024-01-01 17:01:40 INFO  ManageBrowser :31 - launching chrome browser
2024-01-01 17:01:807 INFO  ManageBrowser :31 - launching chrome browser
2024-01-01 17:01:694 INFO  NewLoginPage :39 - Enter product Name [[ChromeDriver: chrome on windows (48b9cd99118529826509d3a6b628b263)] -> xpath: //input[@id='search_product']]
2024-01-01 17:01:795 INFO  NewLoginPage :44 - Click On search button [[ChromeDriver: chrome on windows (48b9cd99118529826509d3a6b628b263)] -> xpath: //i[@class='fa fa-search']]
2024-01-01 17:01:518 INFO  NewLoginPage :54 - Verify Men TShirt Text [[ChromeDriver: chrome on windows (48b9cd99118529826509d3a6b628b263)] -> xpath: //div[@class='productinfo text-center']//p[contains(text(),'Men Tshirt')]]
2024-01-01 17:01:859 INFO  NewLoginPage :59 - Click on cart [[ChromeDriver: chrome on windows (48b9cd99118529826509d3a6b628b263)] -> xpath: //a[normalize-space()='Cart']]
2024-01-01 17:01:573 INFO  NewLoginPage :63 - Verify men TShirt text [[ChromeDriver: chrome on windows (48b9cd99118529826509d3a6b628b263)] -> xpath: //a[normalize-space()='Men Tshirt']]
2024-01-01 17:01:127 INFO  ManageBrowser :31 - launching chrome browser
2024-01-01 17:01:351 INFO  ManageBrowser :31 - launching chrome browser
2024-01-01 17:01:41 INFO  ManageBrowser :31 - launching chrome browser
2024-01-01 17:01:477 INFO  ManageBrowser :31 - launching chrome browser
2024-01-01 17:01:525 INFO  NewLoginPage :39 - Enter product Name [[ChromeDriver: chrome on windows (e4108be2f743b841be84a05a222088ae)] -> xpath: //input[@id='search_product']]
2024-01-01 17:01:626 INFO  NewLoginPage :44 - Click On search button [[ChromeDriver: chrome on windows (e4108be2f743b841be84a05a222088ae)] -> xpath: //i[@class='fa fa-search']]
2024-01-01 17:01:338 INFO  NewLoginPage :54 - Verify Men TShirt Text [[ChromeDriver: chrome on windows (e4108be2f743b841be84a05a222088ae)] -> xpath: //div[@class='productinfo text-center']//p[contains(text(),'Men Tshirt')]]
2024-01-01 17:01:779 INFO  NewLoginPage :59 - Click on cart [[ChromeDriver: chrome on windows (e4108be2f743b841be84a05a222088ae)] -> xpath: //a[normalize-space()='Cart']]
2024-01-01 17:01:578 INFO  NewLoginPage :63 - Verify men TShirt text [[ChromeDriver: chrome on windows (e4108be2f743b841be84a05a222088ae)] -> xpath: //a[normalize-space()='Men Tshirt']]
2024-01-01 17:01:714 INFO  ManageBrowser :31 - launching chrome browser
2024-01-01 18:01:62 INFO  ManageBrowser :31 - launching chrome browser
2024-01-01 18:01:284 INFO  ManageBrowser :31 - launching chrome browser
2024-01-01 18:01:336 INFO  NewLoginPage :63 - Verify men TShirt text Proxy element for: DefaultElementLocator 'By.xpath: //a[normalize-space()='Men Tshirt']'
2024-01-01 18:01:584 INFO  ManageBrowser :31 - launching chrome browser
2024-01-01 20:01:655 INFO  ManageBrowser :31 - launching chrome browser
2024-01-01 20:01:13 INFO  ManageBrowser :31 - launching chrome browser
2024-01-01 20:01:38 INFO  ManageBrowser :31 - launching chrome browser
2024-01-01 21:01:821 INFO  ManageBrowser :31 - launching chrome browser
2024-01-01 21:01:996 INFO  ManageBrowser :31 - launching chrome browser
2024-01-01 21:01:350 INFO  ManageBrowser :31 - launching chrome browser
2024-01-01 21:01:996 INFO  ManageBrowser :31 - launching chrome browser
2024-01-01 21:01:288 INFO  ManageBrowser :31 - launching chrome browser
2024-01-01 21:01:348 INFO  ManageBrowser :31 - launching chrome browser
2024-01-01 21:01:814 INFO  ManageBrowser :31 - launching chrome browser
2024-01-01 22:01:684 INFO  ManageBrowser :31 - launching chrome browser
2024-01-01 22:01:616 INFO  ManageBrowser :31 - launching chrome browser
2024-01-01 22:01:174 INFO  ManageBrowser :31 - launching chrome browser
2024-01-01 22:01:326 INFO  ManageBrowser :31 - launching chrome browser
2024-01-01 22:01:973 INFO  ManageBrowser :31 - launching chrome browser
2024-01-01 22:01:651 INFO  ManageBrowser :31 - launching chrome browser
2024-01-01 22:01:104 INFO  ManageBrowser :31 - launching chrome browser
2024-01-01 22:01:814 INFO  ManageBrowser :31 - launching chrome browser
2024-01-01 22:01:801 INFO  ManageBrowser :31 - launching chrome browser
2024-01-01 22:01:146 INFO  ManageBrowser :31 - launching chrome browser
2024-01-01 22:01:706 INFO  ManageBrowser :31 - launching chrome browser
2024-01-01 22:01:628 INFO  ManageBrowser :31 - launching chrome browser
2024-01-01 22:01:788 INFO  ManageBrowser :31 - launching chrome browser
2024-01-01 22:01:684 INFO  ManageBrowser :31 - launching chrome browser
2024-01-01 22:01:210 INFO  ManageBrowser :31 - launching chrome browser
2024-01-01 22:01:689 INFO  ManageBrowser :31 - launching chrome browser
2024-01-01 22:01:52 INFO  ManageBrowser :31 - launching chrome browser
2024-01-01 23:01:696 INFO  ManageBrowser :31 - launching chrome browser
2024-01-01 23:01:130 INFO  ManageBrowser :31 - launching chrome browser
2024-01-01 23:01:892 INFO  ManageBrowser :31 - launching chrome browser
2024-01-01 23:01:844 INFO  ManageBrowser :31 - launching chrome browser
2024-01-01 23:01:616 INFO  ManageBrowser :31 - launching chrome browser
2024-01-01 23:01:935 INFO  ManageBrowser :31 - launching chrome browser
2024-01-01 23:01:291 INFO  ManageBrowser :31 - launching chrome browser
2024-01-01 23:01:424 INFO  ManageBrowser :31 - launching chrome browser
2024-01-01 23:01:366 INFO  ManageBrowser :31 - launching chrome browser
2024-01-01 23:01:828 INFO  ManageBrowser :31 - launching chrome browser
2024-01-01 23:01:285 INFO  ManageBrowser :31 - launching chrome browser
2024-01-01 23:01:475 INFO  ManageBrowser :31 - launching chrome browser
2024-01-01 23:01:494 INFO  ManageBrowser :31 - launching chrome browser
2024-01-01 23:01:286 INFO  ManageBrowser :31 - launching chrome browser
2024-01-01 23:01:253 INFO  ManageBrowser :31 - launching chrome browser
2024-01-01 23:01:211 INFO  ManageBrowser :31 - launching chrome browser
2024-01-01 23:01:987 INFO  ManageBrowser :31 - launching chrome browser
2024-01-01 23:01:698 INFO  ManageBrowser :31 - launching chrome browser
2024-01-01 23:01:847 INFO  ManageBrowser :31 - launching chrome browser
2024-01-01 23:01:729 INFO  ManageBrowser :31 - launching chrome browser
2024-01-01 23:01:981 INFO  ManageBrowser :31 - launching chrome browser
2024-01-01 23:01:969 INFO  ManageBrowser :31 - launching chrome browser
2024-01-01 23:01:544 INFO  ManageBrowser :31 - launching chrome browser
2024-01-01 23:01:08 INFO  ManageBrowser :31 - launching chrome browser
2024-01-01 23:01:136 INFO  ManageBrowser :31 - launching chrome browser
2024-01-01 23:01:403 INFO  ManageBrowser :31 - launching chrome browser
2024-01-01 23:01:167 INFO  ManageBrowser :31 - launching chrome browser
2024-01-01 23:01:732 INFO  ManageBrowser :31 - launching chrome browser
2024-01-01 23:01:12 INFO  NewLoginPage :39 - Enter product Name [[ChromeDriver: chrome on windows (749a381e7b6fff493417988fd853400f)] -> xpath: //input[@id='search_product']]
2024-01-01 23:01:115 INFO  NewLoginPage :44 - Click On search button [[ChromeDriver: chrome on windows (749a381e7b6fff493417988fd853400f)] -> xpath: //i[@class='fa fa-search']]
2024-01-01 23:01:890 INFO  NewLoginPage :54 - Verify Men TShirt Text [[ChromeDriver: chrome on windows (749a381e7b6fff493417988fd853400f)] -> xpath: //div[@class='productinfo text-center']//p[contains(text(),'Men Tshirt')]]
2024-01-01 23:01:764 INFO  NewLoginPage :59 - Click on cart [[ChromeDriver: chrome on windows (749a381e7b6fff493417988fd853400f)] -> xpath: //a[normalize-space()='Cart']]
2024-01-01 23:01:705 INFO  NewLoginPage :63 - Verify men TShirt text [[ChromeDriver: chrome on windows (749a381e7b6fff493417988fd853400f)] -> xpath: //a[normalize-space()='Men Tshirt']]
2024-01-01 23:01:475 INFO  ManageBrowser :31 - launching chrome browser
2024-01-01 23:01:639 INFO  ManageBrowser :31 - launching chrome browser
2024-01-01 23:01:875 INFO  ManageBrowser :31 - launching chrome browser
2024-01-01 23:01:160 INFO  ManageBrowser :31 - launching chrome browser
2024-01-01 23:01:81 INFO  ManageBrowser :31 - launching chrome browser
2024-01-01 23:01:290 INFO  ManageBrowser :31 - launching chrome browser
2024-01-01 23:01:474 INFO  ManageBrowser :31 - launching chrome browser
2024-01-02 00:01:413 INFO  ManageBrowser :31 - launching chrome browser
2024-01-02 00:01:869 INFO  ManageBrowser :31 - launching chrome browser
2024-01-02 00:01:726 INFO  ManageBrowser :31 - launching chrome browser
2024-01-02 00:01:73 INFO  ManageBrowser :31 - launching chrome browser
2024-01-02 00:01:511 INFO  ManageBrowser :31 - launching chrome browser
2024-01-02 00:01:993 INFO  ManageBrowser :31 - launching chrome browser
2024-01-02 00:01:337 INFO  ManageBrowser :31 - launching chrome browser
2024-01-02 00:01:446 INFO  ManageBrowser :31 - launching chrome browser
2024-01-02 00:01:670 INFO  ManageBrowser :31 - launching chrome browser
2024-01-02 00:01:481 INFO  ManageBrowser :31 - launching chrome browser
2024-01-02 00:01:495 INFO  ManageBrowser :31 - launching chrome browser
2024-01-02 00:01:430 INFO  ManageBrowser :31 - launching chrome browser
2024-01-02 00:01:597 INFO  ManageBrowser :31 - launching chrome browser
2024-01-02 00:01:487 INFO  ManageBrowser :31 - launching chrome browser
2024-01-02 00:01:13 INFO  ManageBrowser :31 - launching chrome browser
2024-01-02 00:01:992 INFO  ManageBrowser :31 - launching chrome browser
2024-01-02 00:01:328 INFO  ManageBrowser :31 - launching chrome browser
2024-01-02 00:01:79 INFO  ManageBrowser :31 - launching chrome browser
2024-01-02 00:01:586 INFO  ManageBrowser :31 - launching chrome browser
2024-01-02 00:01:219 INFO  NewLoginPage :39 - Enter product Name [[ChromeDriver: chrome on windows (a0c22069ace5787c13789d1a5cc14d5f)] -> xpath: //input[@id='search_product']]
2024-01-02 00:01:327 INFO  NewLoginPage :44 - Click On search button [[ChromeDriver: chrome on windows (a0c22069ace5787c13789d1a5cc14d5f)] -> xpath: //i[@class='fa fa-search']]
2024-01-02 00:01:252 INFO  NewLoginPage :54 - Verify Men TShirt Text Proxy element for: DefaultElementLocator 'By.xpath: //div[@class='productinfo text-center']//p[contains(text(),'Men Tshirt')]'
2024-01-02 00:01:979 INFO  ManageBrowser :31 - launching chrome browser
2024-01-02 00:01:282 INFO  ManageBrowser :31 - launching chrome browser
2024-01-02 00:01:103 INFO  ManageBrowser :31 - launching chrome browser
2024-01-02 00:01:662 INFO  ManageBrowser :31 - launching chrome browser
2024-01-02 00:01:539 INFO  ManageBrowser :31 - launching chrome browser
2024-01-02 00:01:265 INFO  ManageBrowser :31 - launching chrome browser
2024-01-02 00:01:202 INFO  ManageBrowser :31 - launching chrome browser
